
  .   ____          _            __ _ _
 /\\ / ___'_ __ _ _(_)_ __  __ _ \ \ \ \
( ( )\___ | '_ | '_| | '_ \/ _` | \ \ \ \
 \\/  ___)| |_)| | | | | || (_| |  ) ) ) )
  '  |____| .__|_| |_|_| |_\__, | / / / /
 =========|_|==============|___/=/_/_/_/

[32m :: Spring Boot :: [39m              [2m (v4.0.3)[0;39m

[2m2026-03-20T15:27:39.842-03:00[0;39m [32m INFO[0;39m [35m20988[0;39m [2m--- [graphtest] [           main] [0;39m[36mb.p.graphtest.GraphtestApplication      [0;39m [2m:[0;39m Starting GraphtestApplication v0.0.1-SNAPSHOT using Java 25.0.2 with PID 20988 (C:\Repositories\plf-es-2025-2-tcci-0393100-dev-lucas-soares-e-maria-eduarda\Codigo\back-end\graphtest-relational-api\target\graphtest-0.0.1-SNAPSHOT.jar started by lucas in C:\Repositories\plf-es-2025-2-tcci-0393100-dev-lucas-soares-e-maria-eduarda\Codigo\back-end\graphtest-relational-api)
[2m2026-03-20T15:27:39.848-03:00[0;39m [32m INFO[0;39m [35m20988[0;39m [2m--- [graphtest] [           main] [0;39m[36mb.p.graphtest.GraphtestApplication      [0;39m [2m:[0;39m No active profile set, falling back to 1 default profile: "default"
[2m2026-03-20T15:27:41.360-03:00[0;39m [32m INFO[0;39m [35m20988[0;39m [2m--- [graphtest] [           main] [0;39m[36m.s.d.r.c.RepositoryConfigurationDelegate[0;39m [2m:[0;39m Bootstrapping Spring Data JPA repositories in DEFAULT mode.
[2m2026-03-20T15:27:41.475-03:00[0;39m [32m INFO[0;39m [35m20988[0;39m [2m--- [graphtest] [           main] [0;39m[36m.s.d.r.c.RepositoryConfigurationDelegate[0;39m [2m:[0;39m Finished Spring Data repository scanning in 87 ms. Found 1 JPA repository interface.
[2m2026-03-20T15:27:42.466-03:00[0;39m [32m INFO[0;39m [35m20988[0;39m [2m--- [graphtest] [           main] [0;39m[36mo.s.boot.tomcat.TomcatWebServer         [0;39m [2m:[0;39m Tomcat initialized with port 0 (http)
[2m2026-03-20T15:27:42.511-03:00[0;39m [32m INFO[0;39m [35m20988[0;39m [2m--- [graphtest] [           main] [0;39m[36mo.apache.catalina.core.StandardService  [0;39m [2m:[0;39m Starting service [Tomcat]
[2m2026-03-20T15:27:42.513-03:00[0;39m [32m INFO[0;39m [35m20988[0;39m [2m--- [graphtest] [           main] [0;39m[36mo.apache.catalina.core.StandardEngine   [0;39m [2m:[0;39m Starting Servlet engine: [Apache Tomcat/11.0.18]
[2m2026-03-20T15:27:42.582-03:00[0;39m [32m INFO[0;39m [35m20988[0;39m [2m--- [graphtest] [           main] [0;39m[36mb.w.c.s.WebApplicationContextInitializer[0;39m [2m:[0;39m Root WebApplicationContext: initialization completed in 2628 ms
[2m2026-03-20T15:27:42.973-03:00[0;39m [32m INFO[0;39m [35m20988[0;39m [2m--- [graphtest] [           main] [0;39m[36morg.hibernate.orm.jpa                   [0;39m [2m:[0;39m HHH008540: Processing PersistenceUnitInfo [name: default]
[2m2026-03-20T15:27:43.091-03:00[0;39m [32m INFO[0;39m [35m20988[0;39m [2m--- [graphtest] [           main] [0;39m[36morg.hibernate.orm.core                  [0;39m [2m:[0;39m HHH000001: Hibernate ORM core version 7.2.4.Final
[2m2026-03-20T15:27:44.382-03:00[0;39m [32m INFO[0;39m [35m20988[0;39m [2m--- [graphtest] [           main] [0;39m[36mo.s.o.j.p.SpringPersistenceUnitInfo     [0;39m [2m:[0;39m No LoadTimeWeaver setup: ignoring JPA class transformer
[2m2026-03-20T15:27:44.446-03:00[0;39m [32m INFO[0;39m [35m20988[0;39m [2m--- [graphtest] [           main] [0;39m[36mcom.zaxxer.hikari.HikariDataSource      [0;39m [2m:[0;39m HikariPool-1 - Starting...
[2m2026-03-20T15:27:44.816-03:00[0;39m [32m INFO[0;39m [35m20988[0;39m [2m--- [graphtest] [           main] [0;39m[36mcom.zaxxer.hikari.pool.HikariPool       [0;39m [2m:[0;39m HikariPool-1 - Added connection org.postgresql.jdbc.PgConnection@76105ac0
[2m2026-03-20T15:27:44.821-03:00[0;39m [32m INFO[0;39m [35m20988[0;39m [2m--- [graphtest] [           main] [0;39m[36mcom.zaxxer.hikari.HikariDataSource      [0;39m [2m:[0;39m HikariPool-1 - Start completed.
